[debug] [2022-02-04T11:45:27.654Z] ----------------------------------------------------------------------
[debug] [2022-02-04T11:45:27.656Z] Command:       C:\Program Files\nodejs\node.exe C:\Users\nuduj\AppData\Roaming\npm\node_modules\firebase-tools\lib\bin\firebase.js init
[debug] [2022-02-04T11:45:27.656Z] CLI Version:   10.1.4
[debug] [2022-02-04T11:45:27.656Z] Platform:      win32
[debug] [2022-02-04T11:45:27.656Z] Node Version:  v14.17.5
[debug] [2022-02-04T11:45:27.657Z] Time:          Fri Feb 04 2022 17:15:27 GMT+0530 (India Standard Time)
[debug] [2022-02-04T11:45:27.657Z] ----------------------------------------------------------------------
[debug] 
[debug] [2022-02-04T11:45:27.663Z] > command requires scopes: ["email","openid","https://www.googleapis.com/auth/cloudplatformprojects.readonly","https://www.googleapis.com/auth/firebase","https://www.googleapis.com/auth/cloud-platform"]
[debug] [2022-02-04T11:45:27.663Z] > authorizing via signed-in user (nudujabandara@gmail.com)
[info] 
     ######## #### ########  ######## ########     ###     ######  ########
     ##        ##  ##     ## ##       ##     ##  ##   ##  ##       ##
     ######    ##  ########  ######   ########  #########  ######  ######
     ##        ##  ##    ##  ##       ##     ## ##     ##       ## ##
     ##       #### ##     ## ######## ########  ##     ##  ######  ########

You're about to initialize a Firebase project in this directory:

  D:\Programing\ITP Guide 3\Firebase app

[info] 
=== Project Setup
[info] 
[info] First, let's associate this project directory with a Firebase project.
[info] You can create multiple project aliases by running firebase use --add, 
[info] but for now we'll just set up a default project.
[info] 
[debug] [2022-02-04T11:47:47.571Z] >>> [apiv2][query] GET https://firebase.googleapis.com/v1beta1/projects pageSize=100
[debug] [2022-02-04T11:47:49.521Z] <<< [apiv2][status] GET https://firebase.googleapis.com/v1beta1/projects 200
[debug] [2022-02-04T11:47:49.521Z] <<< [apiv2][body] GET https://firebase.googleapis.com/v1beta1/projects [omitted]
[info] i  Using project auth-6edba (Auth) 
[info] 
=== Hosting Setup
[info] 
[info] Your public directory is the folder (relative to your project directory) that
[info] will contain Hosting assets to be uploaded with firebase deploy. If you
[info] have a build process for your assets, use your build's output directory.
[info] 
